[2m21:25:28[22m [31m[1m[vite][22m[39m [31mInternal server error: C:\Users\Özi''\Desktop\Berat''\AsansörTakip Pro v5\src\App.jsx: Unexpected token, expected "," (108:231)

[0m [90m 106 |[31m   [36mvar[31m values[33m=[31msafeItems[33m.[31mmap([36mfunction[31m(item){[36mreturn[31m [33mNumber[31m(item[33m.[31mvalue)[33m||[31m[35m0[31m[33m;[31m})[33m;[31m
 [90m 107 |[31m   [36mvar[31m max[33m=[31m[33mMath[31m[33m.[31mmax[33m.[31mapply([33mMath[31m[33m,[31m[[35m1[31m][33m.[31mconcat(values))[33m;[31m
[31m[1m>[22m[31m[90m 108 |[31m   [36mreturn[31m [33mReact[31m[33m.[31mcreateElement([32m'div'[31m[33m,[31m{style[33m:[31m{background[33m:[31m[32m"linear-gradient(180deg,var(--bg-panel),var(--bg-card))"[31m[33m,[31mborderRadius[33m:[31m[35m20[31m[33m,[31mpadding[33m:[31m[32m"14px 16px"[31m[33m,[31mmarginBottom[33m:[31m[35m10[31m[33m,[31mboxShadow[33m:[31m[32m"var(--shadow-sm)"[31m[33m,[31mborder[33m:[31m[32m"1px solid var(--border-soft)"[31m}}}[33m,[31m
 [90m     |[31m                                                                                                                                                                                                                                        [31m[1m^[22m[31m
 [90m 109 |[31m     [33mReact[31m[33m.[31mcreateElement([32m'div'[31m[33m,[31m{style[33m:[31m{display[33m:[31m[32m"flex"[31m[33m,[31mjustifyContent[33m:[31m[32m"space-between"[31m[33m,[31malignItems[33m:[31m[32m"center"[31m[33m,[31mgap[33m:[31m[35m8[31m[33m,[31mmarginBottom[33m:[31m[35m12[31m[33m,[31mflexWrap[33m:[31m[32m"wrap"[31m}}[33m,[31m
 [90m 110 |[31m       [33mReact[31m[33m.[31mcreateElement([32m'div'[31m[33m,[31m[36mnull[31m[33m,[31m
 [90m 111 |[31m         [33mReact[31m[33m.[31mcreateElement([32m'div'[31m[33m,[31m{style[33m:[31m{fontSize[33m:[31m[35m14[31m[33m,[31mfontWeight[33m:[31m[35m700[31m[33m,[31mcolor[33m:[31m[32m"var(--text)"[31m}}[33m,[31mtitle)[33m,[31m[0m[39m
  Plugin: [35mvite:react-babel[39m
  File: [36mC:/Users/Özi''/Desktop/Berat''/AsansörTakip Pro v5/src/App.jsx[39m:108:231
[33m  107|    var max=Math.max.apply(Math,[1].concat(values));
  108|    return React.createElement('div',{style:{background:"linear-gradient(180deg,var(--bg-panel),var(--bg-card))",borderRadius:20,padding:"14px 16px",marginBottom:10,boxShadow:"var(--shadow-sm)",border:"1px solid var(--border-soft)"}}},
  109|      React.createElement('div',{style:{display:"flex",justifyContent:"space-between",alignItems:"center",gap:8,marginBottom:12,flexWrap:"wrap"}},
     |                       ^
  110|        React.createElement('div',null,
  111|          React.createElement('div',{style:{fontSize:14,fontWeight:700,color:"var(--text)"}},title),[39m
      at constructor (C:\Users\Özi''\Desktop\Berat''\AsansörTakip Pro v5\node_modules\@babel\parser\lib\index.js:365:19)
      at JSXParserMixin.raise (C:\Users\Özi''\Desktop\Berat''\AsansörTakip Pro v5\node_modules\@babel\parser\lib\index.js:6599:19)
      at JSXParserMixin.unexpected (C:\Users\Özi''\Desktop\Berat''\AsansörTakip Pro v5\node_modules\@babel\parser\lib\index.js:6619:16)
      at JSXParserMixin.expect (C:\Users\Özi''\Desktop\Berat''\AsansörTakip Pro v5\node_modules\@babel\parser\lib\index.js:6899:12)
      at JSXParserMixin.parseCallExpressionArguments (C:\Users\Özi''\Desktop\Berat''\AsansörTakip Pro v5\node_modules\@babel\parser\lib\index.js:11243:14)
      at JSXParserMixin.parseCoverCallAndAsyncArrowHead (C:\Users\Özi''\Desktop\Berat''\AsansörTakip Pro v5\node_modules\@babel\parser\lib\index.js:11186:29)
      at JSXParserMixin.parseSubscript (C:\Users\Özi''\Desktop\Berat''\AsansörTakip Pro v5\node_modules\@babel\parser\lib\index.js:11120:19)
      at JSXParserMixin.parseSubscripts (C:\Users\Özi''\Desktop\Berat''\AsansörTakip Pro v5\node_modules\@babel\parser\lib\index.js:11094:19)
      at JSXParserMixin.parseExprSubscripts (C:\Users\Özi''\Desktop\Berat''\AsansörTakip Pro v5\node_modules\@babel\parser\lib\index.js:11085:17)
      at JSXParserMixin.parseUpdate (C:\Users\Özi''\Desktop\Berat''\AsansörTakip Pro v5\node_modules\@babel\parser\lib\index.js:11066:21)
      at JSXParserMixin.parseMaybeUnary (C:\Users\Özi''\Desktop\Berat''\AsansörTakip Pro v5\node_modules\@babel\parser\lib\index.js:11046:23)
      at JSXParserMixin.parseMaybeUnaryOrPrivate (C:\Users\Özi''\Desktop\Berat''\AsansörTakip Pro v5\node_modules\@babel\parser\lib\index.js:10899:61)
      at JSXParserMixin.parseExprOps (C:\Users\Özi''\Desktop\Berat''\AsansörTakip Pro v5\node_modules\@babel\parser\lib\index.js:10904:23)
      at JSXParserMixin.parseMaybeConditional (C:\Users\Özi''\Desktop\Berat''\AsansörTakip Pro v5\node_modules\@babel\parser\lib\index.js:10881:23)
      at JSXParserMixin.parseMaybeAssign (C:\Users\Özi''\Desktop\Berat''\AsansörTakip Pro v5\node_modules\@babel\parser\lib\index.js:10831:21)
      at JSXParserMixin.parseExpressionBase (C:\Users\Özi''\Desktop\Berat''\AsansörTakip Pro v5\node_modules\@babel\parser\lib\index.js:10784:23)
      at C:\Users\Özi''\Desktop\Berat''\AsansörTakip Pro v5\node_modules\@babel\parser\lib\index.js:10780:39
      at JSXParserMixin.allowInAnd (C:\Users\Özi''\Desktop\Berat''\AsansörTakip Pro v5\node_modules\@babel\parser\lib\index.js:12421:16)
      at JSXParserMixin.parseExpression (C:\Users\Özi''\Desktop\Berat''\AsansörTakip Pro v5\node_modules\@babel\parser\lib\index.js:10780:17)
      at JSXParserMixin.parseReturnStatement (C:\Users\Özi''\Desktop\Berat''\AsansörTakip Pro v5\node_modules\@babel\parser\lib\index.js:13142:28)
      at JSXParserMixin.parseStatementContent (C:\Users\Özi''\Desktop\Berat''\AsansörTakip Pro v5\node_modules\@babel\parser\lib\index.js:12798:21)
      at JSXParserMixin.parseStatementLike (C:\Users\Özi''\Desktop\Berat''\AsansörTakip Pro v5\node_modules\@babel\parser\lib\index.js:12767:17)
      at JSXParserMixin.parseStatementListItem (C:\Users\Özi''\Desktop\Berat''\AsansörTakip Pro v5\node_modules\@babel\parser\lib\index.js:12747:17)
      at JSXParserMixin.parseBlockOrModuleBlockBody (C:\Users\Özi''\Desktop\Berat''\AsansörTakip Pro v5\node_modules\@babel\parser\lib\index.js:13316:61)
      at JSXParserMixin.parseBlockBody (C:\Users\Özi''\Desktop\Berat''\AsansörTakip Pro v5\node_modules\@babel\parser\lib\index.js:13309:10)
      at JSXParserMixin.parseBlock (C:\Users\Özi''\Desktop\Berat''\AsansörTakip Pro v5\node_modules\@babel\parser\lib\index.js:13297:10)
      at JSXParserMixin.parseFunctionBody (C:\Users\Özi''\Desktop\Berat''\AsansörTakip Pro v5\node_modules\@babel\parser\lib\index.js:12100:24)
      at JSXParserMixin.parseFunctionBodyAndFinish (C:\Users\Özi''\Desktop\Berat''\AsansörTakip Pro v5\node_modules\@babel\parser\lib\index.js:12086:10)
      at C:\Users\Özi''\Desktop\Berat''\AsansörTakip Pro v5\node_modules\@babel\parser\lib\index.js:13445:12
      at JSXParserMixin.withSmartMixTopicForbiddingContext (C:\Users\Özi''\Desktop\Berat''\AsansörTakip Pro v5\node_modules\@babel\parser\lib\index.js:12403:14)
      at JSXParserMixin.parseFunction (C:\Users\Özi''\Desktop\Berat''\AsansörTakip Pro v5\node_modules\@babel\parser\lib\index.js:13444:10)
      at JSXParserMixin.parseFunctionStatement (C:\Users\Özi''\Desktop\Berat''\AsansörTakip Pro v5\node_modules\@babel\parser\lib\index.js:13125:17)
      at JSXParserMixin.parseStatementContent (C:\Users\Özi''\Desktop\Berat''\AsansörTakip Pro v5\node_modules\@babel\parser\lib\index.js:12791:21)
      at JSXParserMixin.parseStatementLike (C:\Users\Özi''\Desktop\Berat''\AsansörTakip Pro v5\node_modules\@babel\parser\lib\index.js:12767:17)
      at JSXParserMixin.parseModuleItem (C:\Users\Özi''\Desktop\Berat''\AsansörTakip Pro v5\node_modules\@babel\parser\lib\index.js:12744:17)
      at JSXParserMixin.parseBlockOrModuleBlockBody (C:\Users\Özi''\Desktop\Berat''\AsansörTakip Pro v5\node_modules\@babel\parser\lib\index.js:13316:36)
      at JSXParserMixin.parseBlockBody (C:\Users\Özi''\Desktop\Berat''\AsansörTakip Pro v5\node_modules\@babel\parser\lib\index.js:13309:10)
      at JSXParserMixin.parseProgram (C:\Users\Özi''\Desktop\Berat''\AsansörTakip Pro v5\node_modules\@babel\parser\lib\index.js:12622:10)
      at JSXParserMixin.parseTopLevel (C:\Users\Özi''\Desktop\Berat''\AsansörTakip Pro v5\node_modules\@babel\parser\lib\index.js:12612:25)
      at JSXParserMixin.parse (C:\Users\Özi''\Desktop\Berat''\AsansörTakip Pro v5\node_modules\@babel\parser\lib\index.js:14488:25)
      at parse (C:\Users\Özi''\Desktop\Berat''\AsansörTakip Pro v5\node_modules\@babel\parser\lib\index.js:14522:38)
      at parser (C:\Users\Özi''\Desktop\Berat''\AsansörTakip Pro v5\node_modules\@babel\core\lib\parser\index.js:41:34)
      at parser.next (<anonymous>)
      at normalizeFile (C:\Users\Özi''\Desktop\Berat''\AsansörTakip Pro v5\node_modules\@babel\core\lib\transformation\normalize-file.js:64:37)
      at normalizeFile.next (<anonymous>)
      at run (C:\Users\Özi''\Desktop\Berat''\AsansörTakip Pro v5\node_modules\@babel\core\lib\transformation\index.js:22:50)
      at run.next (<anonymous>)
      at transform (C:\Users\Özi''\Desktop\Berat''\AsansörTakip Pro v5\node_modules\@babel\core\lib\transform.js:22:33)
      at transform.next (<anonymous>)
      at step (C:\Users\Özi''\Desktop\Berat''\AsansörTakip Pro v5\node_modules\gensync\index.js:261:32)
