
> asansortakip-pro@6.0.1 dev
> vite --host 0.0.0.0 --port 4175

Re-optimizing dependencies because lockfile has changed

  [32m[1mVITE[22m v5.4.21[39m  [2mready in [0m[1m305[22m[2m[0m ms[22m

  [32m➜[39m  [1mLocal[22m:   [36mhttp://localhost:[1m4175[22m/[39m
  [32m➜[39m  [1mNetwork[22m: [36mhttp://192.168.1.3:[1m4175[22m/[39m
[2m22:44:05[22m [36m[1m[vite][22m[39m [32mpage reload [39m[2mindex.html[22m
[2m22:44:07[22m [36m[1m[vite][22m[39m [32mhmr update [39m[2m/src/App.jsx[22m
[2m22:44:07[22m [36m[1m[vite][22m[39m [32mhmr update [39m[2m/src/components/ArizaYonetimiAdmin.jsx[22m
[2m22:44:07[22m [36m[1m[vite][22m[39m [32mhmr update [39m[2m/src/App.jsx[22m
[2m22:44:07[22m [36m[1m[vite][22m[39m [32mhmr update [39m[2m/src/components/InstallBanner.jsx[22m
[2m22:44:07[22m [36m[1m[vite][22m[39m [32mhmr update [39m[2m/src/App.jsx, /src/components/LoginScreen.jsx, /src/components/KontrolListesi.jsx, /src/components/ArizaYonetimiAdmin.jsx, /src/components/BakimciYonetimPaneli.jsx, /src/components/EkstraIsEkrani.jsx, /src/components/YoneticiPortali.jsx, /src/components/NotlarEkrani.jsx, /src/components/SozlesmeYonetimi.jsx, /src/components/MuayeneTakibi.jsx, /src/components/BakimciGorunum.jsx, /src/components/BakimAtamaPaneli.jsx[22m
[2m22:44:07[22m [36m[1m[vite][22m[39m [32mhmr update [39m[2m/src/App.jsx, /src/components/LoginScreen.jsx[22m
[2m22:44:07[22m [36m[1m[vite][22m[39m [32mhmr update [39m[2m/src/index.css[22m
[2m22:44:07[22m [36m[1m[vite][22m[39m [32mpage reload [39m[2msrc/main.jsx[22m
[2m22:44:07[22m [36m[1m[vite][22m[39m [32mhmr update [39m[2m/src/components/BakimAtamaPaneli.jsx[22m
[2m22:44:07[22m [36m[1m[vite][22m[39m [32mhmr update [39m[2m/src/components/BakimciGorunum.jsx[22m
[2m22:44:07[22m [36m[1m[vite][22m[39m [32mhmr update [39m[2m/src/components/BakimciYonetimPaneli.jsx[22m
[2m22:44:07[22m [36m[1m[vite][22m[39m [32mhmr update [39m[2m/src/components/EkstraIsEkrani.jsx[22m
[2m22:44:07[22m [36m[1m[vite][22m[39m [32mhmr update [39m[2m/src/components/InstallBanner.jsx[22m
[2m22:44:07[22m [36m[1m[vite][22m[39m [32mhmr update [39m[2m/src/components/KontrolListesi.jsx[22m
[2m22:44:07[22m [36m[1m[vite][22m[39m [32mhmr update [39m[2m/src/components/LoginScreen.jsx[22m
[2m22:44:07[22m [36m[1m[vite][22m[39m [32mhmr update [39m[2m/src/components/MuayeneTakibi.jsx[22m
[2m22:44:07[22m [36m[1m[vite][22m[39m [32mhmr update [39m[2m/src/components/NotlarEkrani.jsx[22m
[2m22:44:07[22m [36m[1m[vite][22m[39m [32mhmr update [39m[2m/src/components/SozlesmeYonetimi.jsx[22m
[2m22:44:07[22m [36m[1m[vite][22m[39m [32mhmr update [39m[2m/src/components/YoneticiPortali.jsx[22m
[2m22:44:07[22m [36m[1m[vite][22m[39m [32mvite.config.js changed, restarting server...[39m
[2m22:44:07[22m [36m[1m[vite][22m[39m [32mhmr update [39m[2m/src/App.jsx, /src/components/BakimciGorunum.jsx[22m
[2m22:44:07[22m [36m[1m[vite][22m[39m [32mhmr update [39m[2m/src/components/LoginScreen.jsx, /src/components/EkstraIsEkrani.jsx, /src/components/BakimciGorunum.jsx, /src/components/BakimAtamaPaneli.jsx[22m
[2m22:44:07[22m [36m[1m[vite][22m[39m [32mhmr update [39m[2m/src/App.jsx[22m
[2m22:44:07[22m [36m[1m[vite][22m[39m server restarted.
[2m22:50:47[22m [36m[1m[vite][22m[39m [32mvite.config.js changed, restarting server...[39m
[2m22:50:47[22m [36m[1m[vite][22m[39m server restarted.
[2m22:58:04[22m [36m[1m[vite][22m[39m [32mvite.config.js changed, restarting server...[39m
[2m22:58:04[22m [36m[1m[vite][22m[39m server restarted.
[2m23:15:26[22m [36m[1m[vite][22m[39m [32mvite.config.js changed, restarting server...[39m
[2m23:15:26[22m [36m[1m[vite][22m[39m server restarted.
